0 info it worked if it ends with ok
1 verbose cli [ '/usr/local/bin/node',
1 verbose cli   '/usr/local/bin/npm',
1 verbose cli   'install',
1 verbose cli   'oracledb',
1 verbose cli   '--save' ]
2 info using npm@3.10.3
3 info using node@v6.5.0
4 silly loadCurrentTree Starting
5 silly install loadCurrentTree
6 silly install readLocalPackageData
7 silly fetchPackageMetaData oracledb
8 silly fetchNamedPackageData oracledb
9 silly mapToRegistry name oracledb
10 silly mapToRegistry using default registry
11 silly mapToRegistry registry https://registry.npmjs.org/
12 silly mapToRegistry data Result {
12 silly mapToRegistry   raw: 'oracledb',
12 silly mapToRegistry   scope: null,
12 silly mapToRegistry   escapedName: 'oracledb',
12 silly mapToRegistry   name: 'oracledb',
12 silly mapToRegistry   rawSpec: '',
12 silly mapToRegistry   spec: 'latest',
12 silly mapToRegistry   type: 'tag' }
13 silly mapToRegistry uri https://registry.npmjs.org/oracledb
14 verbose request uri https://registry.npmjs.org/oracledb
15 verbose request no auth needed
16 info attempt registry request try #1 at 9:29:18 PM
17 verbose request id 9e411a5e34f017d9
18 verbose etag W/"58ca1f5b-acaa"
19 verbose lastModified Thu, 16 Mar 2017 05:15:07 GMT
20 http request GET https://registry.npmjs.org/oracledb
21 http 304 https://registry.npmjs.org/oracledb
22 verbose headers { date: 'Mon, 27 Mar 2017 04:29:18 GMT',
22 verbose headers   via: '1.1 varnish',
22 verbose headers   'cache-control': 'max-age=300',
22 verbose headers   etag: 'W/"58ca1f5b-acaa"',
22 verbose headers   age: '224',
22 verbose headers   connection: 'keep-alive',
22 verbose headers   'x-served-by': 'cache-sea1048-SEA',
22 verbose headers   'x-cache': 'HIT',
22 verbose headers   'x-cache-hits': '1',
22 verbose headers   'x-timer': 'S1490588958.329461,VS0,VE0',
22 verbose headers   vary: 'Accept-Encoding' }
23 silly get cb [ 304,
23 silly get   { date: 'Mon, 27 Mar 2017 04:29:18 GMT',
23 silly get     via: '1.1 varnish',
23 silly get     'cache-control': 'max-age=300',
23 silly get     etag: 'W/"58ca1f5b-acaa"',
23 silly get     age: '224',
23 silly get     connection: 'keep-alive',
23 silly get     'x-served-by': 'cache-sea1048-SEA',
23 silly get     'x-cache': 'HIT',
23 silly get     'x-cache-hits': '1',
23 silly get     'x-timer': 'S1490588958.329461,VS0,VE0',
23 silly get     vary: 'Accept-Encoding' } ]
24 verbose etag https://registry.npmjs.org/oracledb from cache
25 verbose get saving oracledb to /Users/Ali/.npm/registry.npmjs.org/oracledb/.cache.json
26 verbose correctMkdir /Users/Ali/.npm correctMkdir not in flight; initializing
27 silly install normalizeTree
28 silly loadCurrentTree Finishing
29 silly loadIdealTree Starting
30 silly install loadIdealTree
31 silly cloneCurrentTree Starting
32 silly install cloneCurrentTreeToIdealTree
33 silly cloneCurrentTree Finishing
34 silly loadShrinkwrap Starting
35 silly install loadShrinkwrap
36 silly loadShrinkwrap Finishing
37 silly loadAllDepsIntoIdealTree Starting
38 silly install loadAllDepsIntoIdealTree
39 silly resolveWithNewModule oracledb@1.13.0 checking installable status
40 silly cache add args [ 'oracledb', null ]
41 verbose cache add spec oracledb
42 silly cache add parsed spec Result {
42 silly cache add   raw: 'oracledb',
42 silly cache add   scope: null,
42 silly cache add   escapedName: 'oracledb',
42 silly cache add   name: 'oracledb',
42 silly cache add   rawSpec: '',
42 silly cache add   spec: 'latest',
42 silly cache add   type: 'tag' }
43 silly addNamed oracledb@latest
44 verbose addNamed "latest" is being treated as a dist-tag for oracledb
45 info addNameTag [ 'oracledb', 'latest' ]
46 silly mapToRegistry name oracledb
47 silly mapToRegistry using default registry
48 silly mapToRegistry registry https://registry.npmjs.org/
49 silly mapToRegistry data Result {
49 silly mapToRegistry   raw: 'oracledb',
49 silly mapToRegistry   scope: null,
49 silly mapToRegistry   escapedName: 'oracledb',
49 silly mapToRegistry   name: 'oracledb',
49 silly mapToRegistry   rawSpec: '',
49 silly mapToRegistry   spec: 'latest',
49 silly mapToRegistry   type: 'tag' }
50 silly mapToRegistry uri https://registry.npmjs.org/oracledb
51 verbose addNameTag registry:https://registry.npmjs.org/oracledb not in flight; fetching
52 verbose get https://registry.npmjs.org/oracledb not expired, no request
53 silly addNameTag next cb for oracledb with tag latest
54 silly addNamed oracledb@1.13.0
55 verbose addNamed "1.13.0" is a plain semver version for oracledb
56 silly cache afterAdd oracledb@1.13.0
57 verbose afterAdd /Users/Ali/.npm/oracledb/1.13.0/package/package.json not in flight; writing
58 verbose correctMkdir /Users/Ali/.npm correctMkdir not in flight; initializing
59 verbose afterAdd /Users/Ali/.npm/oracledb/1.13.0/package/package.json written
60 silly fetchNamedPackageData nan
61 silly mapToRegistry name nan
62 silly mapToRegistry using default registry
63 silly mapToRegistry registry https://registry.npmjs.org/
64 silly mapToRegistry data Result {
64 silly mapToRegistry   raw: 'nan',
64 silly mapToRegistry   scope: null,
64 silly mapToRegistry   escapedName: 'nan',
64 silly mapToRegistry   name: 'nan',
64 silly mapToRegistry   rawSpec: '',
64 silly mapToRegistry   spec: 'latest',
64 silly mapToRegistry   type: 'tag' }
65 silly mapToRegistry uri https://registry.npmjs.org/nan
66 verbose request uri https://registry.npmjs.org/nan
67 verbose request no auth needed
68 info attempt registry request try #1 at 9:29:18 PM
69 verbose etag W/"58d25fc7-1df7e"
70 verbose lastModified Wed, 22 Mar 2017 11:28:07 GMT
71 http request GET https://registry.npmjs.org/nan
72 http 304 https://registry.npmjs.org/nan
73 verbose headers { date: 'Mon, 27 Mar 2017 04:29:18 GMT',
73 verbose headers   via: '1.1 varnish',
73 verbose headers   'cache-control': 'max-age=300',
73 verbose headers   etag: 'W/"58d25fc7-1df7e"',
73 verbose headers   age: '73',
73 verbose headers   connection: 'keep-alive',
73 verbose headers   'x-served-by': 'cache-sea1048-SEA',
73 verbose headers   'x-cache': 'HIT',
73 verbose headers   'x-cache-hits': '1',
73 verbose headers   'x-timer': 'S1490588958.493193,VS0,VE0',
73 verbose headers   vary: 'Accept-Encoding' }
74 silly get cb [ 304,
74 silly get   { date: 'Mon, 27 Mar 2017 04:29:18 GMT',
74 silly get     via: '1.1 varnish',
74 silly get     'cache-control': 'max-age=300',
74 silly get     etag: 'W/"58d25fc7-1df7e"',
74 silly get     age: '73',
74 silly get     connection: 'keep-alive',
74 silly get     'x-served-by': 'cache-sea1048-SEA',
74 silly get     'x-cache': 'HIT',
74 silly get     'x-cache-hits': '1',
74 silly get     'x-timer': 'S1490588958.493193,VS0,VE0',
74 silly get     vary: 'Accept-Encoding' } ]
75 verbose etag https://registry.npmjs.org/nan from cache
76 verbose get saving nan to /Users/Ali/.npm/registry.npmjs.org/nan/.cache.json
77 verbose correctMkdir /Users/Ali/.npm correctMkdir not in flight; initializing
78 silly resolveWithNewModule nan@2.5.1 checking installable status
79 silly cache add args [ 'nan@~2.5.0', null ]
80 verbose cache add spec nan@~2.5.0
81 silly cache add parsed spec Result {
81 silly cache add   raw: 'nan@~2.5.0',
81 silly cache add   scope: null,
81 silly cache add   escapedName: 'nan',
81 silly cache add   name: 'nan',
81 silly cache add   rawSpec: '~2.5.0',
81 silly cache add   spec: '>=2.5.0 <2.6.0',
81 silly cache add   type: 'range' }
82 silly addNamed nan@>=2.5.0 <2.6.0
83 verbose addNamed ">=2.5.0 <2.6.0" is a valid semver range for nan
84 silly addNameRange { name: 'nan', range: '>=2.5.0 <2.6.0', hasData: false }
85 silly mapToRegistry name nan
86 silly mapToRegistry using default registry
87 silly mapToRegistry registry https://registry.npmjs.org/
88 silly mapToRegistry data Result {
88 silly mapToRegistry   raw: 'nan',
88 silly mapToRegistry   scope: null,
88 silly mapToRegistry   escapedName: 'nan',
88 silly mapToRegistry   name: 'nan',
88 silly mapToRegistry   rawSpec: '',
88 silly mapToRegistry   spec: 'latest',
88 silly mapToRegistry   type: 'tag' }
89 silly mapToRegistry uri https://registry.npmjs.org/nan
90 verbose addNameRange registry:https://registry.npmjs.org/nan not in flight; fetching
91 verbose get https://registry.npmjs.org/nan not expired, no request
92 silly addNameRange number 2 { name: 'nan', range: '>=2.5.0 <2.6.0', hasData: true }
93 silly addNameRange versions [ 'nan',
93 silly addNameRange   [ '0.3.0-wip',
93 silly addNameRange     '0.3.0-wip2',
93 silly addNameRange     '0.3.0',
93 silly addNameRange     '0.3.1',
93 silly addNameRange     '0.3.2',
93 silly addNameRange     '0.4.0',
93 silly addNameRange     '0.4.1',
93 silly addNameRange     '0.4.2',
93 silly addNameRange     '0.4.3',
93 silly addNameRange     '0.4.4',
93 silly addNameRange     '0.5.0',
93 silly addNameRange     '0.5.1',
93 silly addNameRange     '0.5.2',
93 silly addNameRange     '0.6.0',
93 silly addNameRange     '0.7.0',
93 silly addNameRange     '0.7.1',
93 silly addNameRange     '0.8.0',
93 silly addNameRange     '1.0.0',
93 silly addNameRange     '1.1.0',
93 silly addNameRange     '1.1.1',
93 silly addNameRange     '1.1.2',
93 silly addNameRange     '1.2.0',
93 silly addNameRange     '1.3.0',
93 silly addNameRange     '1.4.0',
93 silly addNameRange     '1.4.1',
93 silly addNameRange     '1.5.0',
93 silly addNameRange     '1.4.2',
93 silly addNameRange     '1.4.3',
93 silly addNameRange     '1.5.1',
93 silly addNameRange     '1.5.2',
93 silly addNameRange     '1.6.0',
93 silly addNameRange     '1.5.3',
93 silly addNameRange     '1.6.1',
93 silly addNameRange     '1.6.2',
93 silly addNameRange     '1.7.0',
93 silly addNameRange     '1.8.0',
93 silly addNameRange     '1.8.1',
93 silly addNameRange     '1.8.2',
93 silly addNameRange     '1.8.3',
93 silly addNameRange     '1.8.4',
93 silly addNameRange     '1.9.0',
93 silly addNameRange     '2.0.0',
93 silly addNameRange     '2.0.1',
93 silly addNameRange     '2.0.2',
93 silly addNameRange     '2.0.3',
93 silly addNameRange     '2.0.4',
93 silly addNameRange     '2.0.5',
93 silly addNameRange     '2.0.6',
93 silly addNameRange     '2.0.7',
93 silly addNameRange     '2.0.8',
93 silly addNameRange     '2.0.9',
93 silly addNameRange     '2.1.0',
93 silly addNameRange     '2.2.0',
93 silly addNameRange     '2.2.1',
93 silly addNameRange     '2.3.0',
93 silly addNameRange     '2.3.1',
93 silly addNameRange     '2.3.2',
93 silly addNameRange     '2.3.3',
93 silly addNameRange     '2.3.4',
93 silly addNameRange     '2.3.5',
93 silly addNameRange     '2.4.0',
93 silly addNameRange     '2.5.0',
93 silly addNameRange     '2.5.1' ] ]
94 silly addNamed nan@2.5.1
95 verbose addNamed "2.5.1" is a plain semver version for nan
96 silly cache afterAdd nan@2.5.1
97 verbose afterAdd /Users/Ali/.npm/nan/2.5.1/package/package.json not in flight; writing
98 verbose correctMkdir /Users/Ali/.npm correctMkdir not in flight; initializing
99 verbose afterAdd /Users/Ali/.npm/nan/2.5.1/package/package.json written
100 silly loadAllDepsIntoIdealTree Finishing
101 silly loadIdealTree Finishing
102 silly currentTree cpsc304project@0.2.0
102 silly currentTree ├── accepts@1.3.3
102 silly currentTree ├── array-flatten@1.1.1
102 silly currentTree ├── bootstrap@3.3.7
102 silly currentTree ├── content-disposition@0.5.2
102 silly currentTree ├── content-type@1.0.2
102 silly currentTree ├── cookie-signature@1.0.6
102 silly currentTree ├── cookie@0.3.1
102 silly currentTree ├── debug@2.6.1
102 silly currentTree ├── depd@1.1.0
102 silly currentTree ├── destroy@1.0.4
102 silly currentTree ├── ee-first@1.1.1
102 silly currentTree ├── encodeurl@1.0.1
102 silly currentTree ├── escape-html@1.0.3
102 silly currentTree ├── etag@1.8.0
102 silly currentTree ├── express@4.15.2
102 silly currentTree ├─┬ finalhandler@1.0.1
102 silly currentTree │ └── debug@2.6.3
102 silly currentTree ├── forwarded@0.1.0
102 silly currentTree ├── fresh@0.5.0
102 silly currentTree ├── http-errors@1.6.1
102 silly currentTree ├── inherits@2.0.3
102 silly currentTree ├── ipaddr.js@1.3.0
102 silly currentTree ├── media-typer@0.3.0
102 silly currentTree ├── merge-descriptors@1.0.1
102 silly currentTree ├── methods@1.1.2
102 silly currentTree ├── mime-db@1.27.0
102 silly currentTree ├── mime-types@2.1.15
102 silly currentTree ├── mime@1.3.4
102 silly currentTree ├── ms@0.7.2
102 silly currentTree ├── negotiator@0.6.1
102 silly currentTree ├── on-finished@2.3.0
102 silly currentTree ├── parseurl@1.3.1
102 silly currentTree ├── path-to-regexp@0.1.7
102 silly currentTree ├── proxy-addr@1.1.4
102 silly currentTree ├── qs@6.4.0
102 silly currentTree ├── range-parser@1.2.0
102 silly currentTree ├── send@0.15.1
102 silly currentTree ├── serve-static@1.12.1
102 silly currentTree ├── setprototypeof@1.0.3
102 silly currentTree ├── statuses@1.3.1
102 silly currentTree ├── type-is@1.6.14
102 silly currentTree ├── typescript@2.2.1
102 silly currentTree ├── unpipe@1.0.0
102 silly currentTree ├── utils-merge@1.0.0
102 silly currentTree └── vary@1.1.1
103 silly idealTree cpsc304project@0.2.0
103 silly idealTree ├── accepts@1.3.3
103 silly idealTree ├── array-flatten@1.1.1
103 silly idealTree ├── bootstrap@3.3.7
103 silly idealTree ├── content-disposition@0.5.2
103 silly idealTree ├── content-type@1.0.2
103 silly idealTree ├── cookie-signature@1.0.6
103 silly idealTree ├── cookie@0.3.1
103 silly idealTree ├── debug@2.6.1
103 silly idealTree ├── depd@1.1.0
103 silly idealTree ├── destroy@1.0.4
103 silly idealTree ├── ee-first@1.1.1
103 silly idealTree ├── encodeurl@1.0.1
103 silly idealTree ├── escape-html@1.0.3
103 silly idealTree ├── etag@1.8.0
103 silly idealTree ├── express@4.15.2
103 silly idealTree ├─┬ finalhandler@1.0.1
103 silly idealTree │ └── debug@2.6.3
103 silly idealTree ├── forwarded@0.1.0
103 silly idealTree ├── fresh@0.5.0
103 silly idealTree ├── http-errors@1.6.1
103 silly idealTree ├── inherits@2.0.3
103 silly idealTree ├── ipaddr.js@1.3.0
103 silly idealTree ├── media-typer@0.3.0
103 silly idealTree ├── merge-descriptors@1.0.1
103 silly idealTree ├── methods@1.1.2
103 silly idealTree ├── mime-db@1.27.0
103 silly idealTree ├── mime-types@2.1.15
103 silly idealTree ├── mime@1.3.4
103 silly idealTree ├── ms@0.7.2
103 silly idealTree ├── nan@2.5.1
103 silly idealTree ├── negotiator@0.6.1
103 silly idealTree ├── on-finished@2.3.0
103 silly idealTree ├── oracledb@1.13.0
103 silly idealTree ├── parseurl@1.3.1
103 silly idealTree ├── path-to-regexp@0.1.7
103 silly idealTree ├── proxy-addr@1.1.4
103 silly idealTree ├── qs@6.4.0
103 silly idealTree ├── range-parser@1.2.0
103 silly idealTree ├── send@0.15.1
103 silly idealTree ├── serve-static@1.12.1
103 silly idealTree ├── setprototypeof@1.0.3
103 silly idealTree ├── statuses@1.3.1
103 silly idealTree ├── type-is@1.6.14
103 silly idealTree ├── typescript@2.2.1
103 silly idealTree ├── unpipe@1.0.0
103 silly idealTree ├── utils-merge@1.0.0
103 silly idealTree └── vary@1.1.1
104 silly generateActionsToTake Starting
105 silly install generateActionsToTake
106 silly generateActionsToTake Finishing
107 silly diffTrees action count 2
108 silly diffTrees add nan@2.5.1
109 silly diffTrees add oracledb@1.13.0
110 silly decomposeActions action count 16
111 silly decomposeActions fetch nan@2.5.1
112 silly decomposeActions extract nan@2.5.1
113 silly decomposeActions test nan@2.5.1
114 silly decomposeActions preinstall nan@2.5.1
115 silly decomposeActions build nan@2.5.1
116 silly decomposeActions install nan@2.5.1
117 silly decomposeActions postinstall nan@2.5.1
118 silly decomposeActions finalize nan@2.5.1
119 silly decomposeActions fetch oracledb@1.13.0
120 silly decomposeActions extract oracledb@1.13.0
121 silly decomposeActions test oracledb@1.13.0
122 silly decomposeActions preinstall oracledb@1.13.0
123 silly decomposeActions build oracledb@1.13.0
124 silly decomposeActions install oracledb@1.13.0
125 silly decomposeActions postinstall oracledb@1.13.0
126 silly decomposeActions finalize oracledb@1.13.0
127 silly executeActions Starting
128 silly install executeActions
129 silly doSerial global-install 0
130 silly doParallel fetch 2
131 verbose correctMkdir /Users/Ali/.npm/_locks correctMkdir not in flight; initializing
132 verbose lock using /Users/Ali/.npm/_locks/staging-63c79d4315eb7226.lock for /Users/Ali/Github/cpsc304-project/node_modules/.staging
133 silly doParallel extract 2
134 silly extract nan@2.5.1
135 silly extract oracledb@1.13.0
136 verbose unbuild node_modules/.staging/nan-93da61b1
137 verbose unbuild node_modules/.staging/oracledb-c9247e84
138 silly gentlyRm /Users/Ali/Github/cpsc304-project/node_modules/.staging/nan-93da61b1 is being purged from base /Users/Ali/Github/cpsc304-project
139 verbose gentlyRm don't care about contents; nuking /Users/Ali/Github/cpsc304-project/node_modules/.staging/nan-93da61b1
140 silly gentlyRm /Users/Ali/Github/cpsc304-project/node_modules/.staging/oracledb-c9247e84 is being purged from base /Users/Ali/Github/cpsc304-project
141 verbose gentlyRm don't care about contents; nuking /Users/Ali/Github/cpsc304-project/node_modules/.staging/oracledb-c9247e84
142 verbose tar unpack /Users/Ali/.npm/nan/2.5.1/package.tgz
143 verbose tar unpacking to /Users/Ali/Github/cpsc304-project/node_modules/.staging/nan-93da61b1
144 silly gentlyRm /Users/Ali/Github/cpsc304-project/node_modules/.staging/nan-93da61b1 is being purged
145 verbose gentlyRm don't care about contents; nuking /Users/Ali/Github/cpsc304-project/node_modules/.staging/nan-93da61b1
146 verbose tar unpack /Users/Ali/.npm/oracledb/1.13.0/package.tgz
147 verbose tar unpacking to /Users/Ali/Github/cpsc304-project/node_modules/.staging/oracledb-c9247e84
148 silly gentlyRm /Users/Ali/Github/cpsc304-project/node_modules/.staging/oracledb-c9247e84 is being purged
149 verbose gentlyRm don't care about contents; nuking /Users/Ali/Github/cpsc304-project/node_modules/.staging/oracledb-c9247e84
150 silly gunzTarPerm modes [ '755', '644' ]
151 silly gunzTarPerm modes [ '755', '644' ]
152 silly gunzTarPerm extractEntry package.json
153 silly gunzTarPerm modified mode [ 'package.json', 436, 420 ]
154 silly gunzTarPerm extractEntry package.json
155 silly gunzTarPerm extractEntry README.md
156 silly gunzTarPerm modified mode [ 'README.md', 436, 420 ]
157 silly gunzTarPerm extractEntry README.md
158 silly gunzTarPerm extractEntry index.js
159 silly gunzTarPerm extractEntry include_dirs.js
160 silly gunzTarPerm modified mode [ 'include_dirs.js', 436, 420 ]
161 silly gunzTarPerm extractEntry CHANGELOG.md
162 silly gunzTarPerm extractEntry nan_converters.h
163 silly gunzTarPerm modified mode [ 'nan_converters.h', 436, 420 ]
164 silly gunzTarPerm extractEntry CHANGELOG.md
165 silly gunzTarPerm modified mode [ 'CHANGELOG.md', 436, 420 ]
166 silly gunzTarPerm extractEntry LICENSE.md
167 silly gunzTarPerm modified mode [ 'LICENSE.md', 436, 420 ]
168 silly gunzTarPerm extractEntry LICENSE.md
169 silly gunzTarPerm extractEntry doc/node_misc.md
170 silly gunzTarPerm modified mode [ 'doc/node_misc.md', 436, 420 ]
171 silly gunzTarPerm extractEntry binding.gyp
172 silly gunzTarPerm extractEntry lib/connection.js
173 silly gunzTarPerm extractEntry doc/asyncworker.md
174 silly gunzTarPerm modified mode [ 'doc/asyncworker.md', 436, 420 ]
175 silly gunzTarPerm extractEntry doc/callback.md
176 silly gunzTarPerm modified mode [ 'doc/callback.md', 436, 420 ]
177 silly gunzTarPerm extractEntry lib/lob.js
178 silly gunzTarPerm extractEntry lib/oracledb.js
179 silly gunzTarPerm extractEntry lib/pool.js
180 silly gunzTarPerm extractEntry doc/converters.md
181 silly gunzTarPerm modified mode [ 'doc/converters.md', 436, 420 ]
182 silly gunzTarPerm extractEntry doc/errors.md
183 silly gunzTarPerm modified mode [ 'doc/errors.md', 436, 420 ]
184 silly gunzTarPerm extractEntry lib/querystream.js
185 silly gunzTarPerm extractEntry lib/resultset.js
186 silly gunzTarPerm extractEntry lib/util.js
187 silly gunzTarPerm extractEntry src/dpi/include/dpi.h
188 silly gunzTarPerm extractEntry doc/maybe_types.md
189 silly gunzTarPerm modified mode [ 'doc/maybe_types.md', 436, 420 ]
190 silly gunzTarPerm extractEntry doc/methods.md
191 silly gunzTarPerm modified mode [ 'doc/methods.md', 436, 420 ]
192 silly gunzTarPerm extractEntry doc/new.md
193 silly gunzTarPerm modified mode [ 'doc/new.md', 436, 420 ]
194 silly gunzTarPerm extractEntry src/dpi/include/dpiCommon.h
195 silly gunzTarPerm extractEntry src/dpi/include/dpiConn.h
196 silly gunzTarPerm extractEntry doc/buffers.md
197 silly gunzTarPerm modified mode [ 'doc/buffers.md', 436, 420 ]
198 silly gunzTarPerm extractEntry src/dpi/include/dpiDateTimeArray.h
199 silly gunzTarPerm extractEntry src/dpi/include/dpiEnv.h
200 silly gunzTarPerm extractEntry doc/object_wrappers.md
201 silly gunzTarPerm modified mode [ 'doc/object_wrappers.md', 436, 420 ]
202 silly gunzTarPerm extractEntry doc/persistent.md
203 silly gunzTarPerm modified mode [ 'doc/persistent.md', 436, 420 ]
204 silly gunzTarPerm extractEntry doc/scopes.md
205 silly gunzTarPerm modified mode [ 'doc/scopes.md', 436, 420 ]
206 silly gunzTarPerm extractEntry src/dpi/include/dpiException.h
207 silly gunzTarPerm extractEntry src/dpi/include/dpiLob.h
208 silly gunzTarPerm extractEntry doc/script.md
209 silly gunzTarPerm modified mode [ 'doc/script.md', 436, 420 ]
210 silly gunzTarPerm extractEntry doc/string_bytes.md
211 silly gunzTarPerm modified mode [ 'doc/string_bytes.md', 436, 420 ]
212 silly gunzTarPerm extractEntry src/dpi/include/dpiPool.h
213 silly gunzTarPerm extractEntry src/dpi/include/dpiStmt.h
214 silly gunzTarPerm extractEntry doc/v8_internals.md
215 silly gunzTarPerm modified mode [ 'doc/v8_internals.md', 436, 420 ]
216 silly gunzTarPerm extractEntry doc/v8_misc.md
217 silly gunzTarPerm modified mode [ 'doc/v8_misc.md', 436, 420 ]
218 silly gunzTarPerm extractEntry src/dpi/src/dpiExceptionImpl.cpp
219 silly gunzTarPerm extractEntry src/dpi/src/dpiCommon.cpp
220 silly gunzTarPerm extractEntry nan.h
221 silly gunzTarPerm modified mode [ 'nan.h', 436, 420 ]
222 silly gunzTarPerm extractEntry nan_callbacks.h
223 silly gunzTarPerm modified mode [ 'nan_callbacks.h', 436, 420 ]
224 silly gunzTarPerm extractEntry src/dpi/src/dpiConnImpl.h
225 silly gunzTarPerm extractEntry src/dpi/src/dpiDateTimeArrayImpl.cpp
226 silly gunzTarPerm extractEntry nan_callbacks_12_inl.h
227 silly gunzTarPerm modified mode [ 'nan_callbacks_12_inl.h', 436, 420 ]
228 silly gunzTarPerm extractEntry nan_callbacks_pre_12_inl.h
229 silly gunzTarPerm modified mode [ 'nan_callbacks_pre_12_inl.h', 436, 420 ]
230 silly gunzTarPerm extractEntry src/dpi/src/dpiDateTimeArrayImpl.h
231 silly gunzTarPerm extractEntry src/dpi/src/dpiEnv.cpp
232 silly gunzTarPerm extractEntry src/dpi/src/dpiEnvImpl.cpp
233 silly gunzTarPerm extractEntry src/dpi/src/dpiEnvImpl.h
234 silly gunzTarPerm extractEntry nan_converters_43_inl.h
235 silly gunzTarPerm modified mode [ 'nan_converters_43_inl.h', 436, 420 ]
236 silly gunzTarPerm extractEntry nan_converters_pre_43_inl.h
237 silly gunzTarPerm modified mode [ 'nan_converters_pre_43_inl.h', 436, 420 ]
238 silly gunzTarPerm extractEntry nan_implementation_12_inl.h
239 silly gunzTarPerm modified mode [ 'nan_implementation_12_inl.h', 436, 420 ]
240 silly gunzTarPerm extractEntry nan_implementation_pre_12_inl.h
241 silly gunzTarPerm modified mode [ 'nan_implementation_pre_12_inl.h', 436, 420 ]
242 silly gunzTarPerm extractEntry src/dpi/src/dpiException.cpp
243 silly gunzTarPerm extractEntry src/dpi/src/dpiConnImpl.cpp
244 silly gunzTarPerm extractEntry nan_maybe_43_inl.h
245 silly gunzTarPerm modified mode [ 'nan_maybe_43_inl.h', 436, 420 ]
246 silly gunzTarPerm extractEntry nan_maybe_pre_43_inl.h
247 silly gunzTarPerm modified mode [ 'nan_maybe_pre_43_inl.h', 436, 420 ]
248 silly gunzTarPerm extractEntry nan_new.h
249 silly gunzTarPerm modified mode [ 'nan_new.h', 436, 420 ]
250 silly gunzTarPerm extractEntry nan_object_wrap.h
251 silly gunzTarPerm modified mode [ 'nan_object_wrap.h', 436, 420 ]
252 silly gunzTarPerm extractEntry nan_persistent_12_inl.h
253 silly gunzTarPerm modified mode [ 'nan_persistent_12_inl.h', 436, 420 ]
254 silly gunzTarPerm extractEntry nan_persistent_pre_12_inl.h
255 silly gunzTarPerm modified mode [ 'nan_persistent_pre_12_inl.h', 436, 420 ]
256 silly gunzTarPerm extractEntry src/dpi/src/dpiExceptionImpl.h
257 silly gunzTarPerm extractEntry src/dpi/src/dpiLob.cpp
258 silly gunzTarPerm extractEntry nan_private.h
259 silly gunzTarPerm modified mode [ 'nan_private.h', 436, 420 ]
260 silly gunzTarPerm extractEntry nan_string_bytes.h
261 silly gunzTarPerm modified mode [ 'nan_string_bytes.h', 436, 420 ]
262 silly gunzTarPerm extractEntry src/dpi/src/dpiPoolImpl.cpp
263 silly gunzTarPerm extractEntry src/dpi/src/dpiPoolImpl.h
264 silly gunzTarPerm extractEntry nan_typedarray_contents.h
265 silly gunzTarPerm modified mode [ 'nan_typedarray_contents.h', 436, 420 ]
266 silly gunzTarPerm extractEntry nan_weak.h
267 silly gunzTarPerm modified mode [ 'nan_weak.h', 436, 420 ]
268 silly gunzTarPerm extractEntry src/dpi/src/dpiStmtImpl.cpp
269 silly gunzTarPerm extractEntry src/dpi/src/dpiStmtImpl.h
270 silly gunzTarPerm extractEntry tools/package.json
271 silly gunzTarPerm modified mode [ 'tools/package.json', 436, 420 ]
272 silly gunzTarPerm extractEntry tools/README.md
273 silly gunzTarPerm modified mode [ 'tools/README.md', 436, 420 ]
274 silly gunzTarPerm extractEntry src/dpi/src/dpiUtils.cpp
275 silly gunzTarPerm extractEntry src/dpi/src/dpiUtils.h
276 silly gunzTarPerm extractEntry tools/1to2.js
277 silly gunzTarPerm modified mode [ 'tools/1to2.js', 509, 493 ]
278 silly gunzTarPerm extractEntry src/njs/src/njsOracle.cpp
279 silly gunzTarPerm extractEntry src/njs/src/njsConnection.cpp
280 silly gunzTarPerm extractEntry src/njs/src/njsIntLob.cpp
281 silly gunzTarPerm extractEntry src/njs/src/njsIntLob.h
282 silly gunzTarPerm extractEntry src/njs/src/njsMessages.cpp
283 silly gunzTarPerm extractEntry src/njs/src/njsMessages.h
284 silly gunzTarPerm extractEntry src/njs/src/njsConnection.h
285 silly gunzTarPerm extractEntry src/njs/src/njsOracle.h
286 silly gunzTarPerm extractEntry src/njs/src/njsPool.cpp
287 silly gunzTarPerm extractEntry src/njs/src/njsPool.h
288 silly gunzTarPerm extractEntry src/njs/src/njsResultSet.cpp
289 silly gunzTarPerm extractEntry src/njs/src/njsResultSet.h
290 silly gunzTarPerm extractEntry src/njs/src/njsUtils.h
291 silly gentlyRm /Users/Ali/Github/cpsc304-project/node_modules/.staging/nan-93da61b1/node_modules is being purged
292 verbose gentlyRm don't care about contents; nuking /Users/Ali/Github/cpsc304-project/node_modules/.staging/nan-93da61b1/node_modules
293 silly gentlyRm /Users/Ali/Github/cpsc304-project/node_modules/.staging/oracledb-c9247e84/node_modules is being purged
294 verbose gentlyRm don't care about contents; nuking /Users/Ali/Github/cpsc304-project/node_modules/.staging/oracledb-c9247e84/node_modules
295 silly doParallel preinstall 2
296 silly preinstall nan@2.5.1 /Users/Ali/Github/cpsc304-project/node_modules/.staging/nan-93da61b1
297 info lifecycle nan@2.5.1~preinstall: nan@2.5.1
298 silly preinstall oracledb@1.13.0 /Users/Ali/Github/cpsc304-project/node_modules/.staging/oracledb-c9247e84
299 info lifecycle oracledb@1.13.0~preinstall: oracledb@1.13.0
300 silly lifecycle nan@2.5.1~preinstall: no script for preinstall, continuing
301 silly lifecycle oracledb@1.13.0~preinstall: no script for preinstall, continuing
302 silly doReverseSerial remove 0
303 silly doSerial move 0
304 silly doSerial finalize 2
305 silly finalize /Users/Ali/Github/cpsc304-project/node_modules/nan
306 silly finalize /Users/Ali/Github/cpsc304-project/node_modules/oracledb
307 silly doSerial build 2
308 silly build nan@2.5.1
309 info linkStuff nan@2.5.1
310 silly linkStuff nan@2.5.1 has /Users/Ali/Github/cpsc304-project/node_modules as its parent node_modules
311 verbose linkBins nan@2.5.1
312 verbose linkMans nan@2.5.1
313 silly build oracledb@1.13.0
314 info linkStuff oracledb@1.13.0
315 silly linkStuff oracledb@1.13.0 has /Users/Ali/Github/cpsc304-project/node_modules as its parent node_modules
316 verbose linkBins oracledb@1.13.0
317 verbose linkMans oracledb@1.13.0
318 silly doSerial global-link 0
319 silly doParallel update-linked 0
320 silly doSerial install 2
321 silly install nan@2.5.1 /Users/Ali/Github/cpsc304-project/node_modules/.staging/nan-93da61b1
322 info lifecycle nan@2.5.1~install: nan@2.5.1
323 silly lifecycle nan@2.5.1~install: no script for install, continuing
324 silly install oracledb@1.13.0 /Users/Ali/Github/cpsc304-project/node_modules/.staging/oracledb-c9247e84
325 info lifecycle oracledb@1.13.0~install: oracledb@1.13.0
326 verbose lifecycle oracledb@1.13.0~install: unsafe-perm in lifecycle true
327 verbose lifecycle oracledb@1.13.0~install: PATH: /usr/local/lib/node_modules/npm/bin/node-gyp-bin:/Users/Ali/Github/cpsc304-project/node_modules/oracledb/node_modules/.bin:/Users/Ali/Github/cpsc304-project/node_modules/.bin:/usr/local/bin:/usr/local/bin:/usr/bin:/bin:/usr/sbin:/sbin
328 verbose lifecycle oracledb@1.13.0~install: CWD: /Users/Ali/Github/cpsc304-project/node_modules/oracledb
329 silly lifecycle oracledb@1.13.0~install: Args: [ '-c', 'node-gyp rebuild' ]
330 silly lifecycle oracledb@1.13.0~install: Returned: code: 1  signal: null
331 info lifecycle oracledb@1.13.0~install: Failed to exec install script
332 verbose unlock done using /Users/Ali/.npm/_locks/staging-63c79d4315eb7226.lock for /Users/Ali/Github/cpsc304-project/node_modules/.staging
333 silly rollbackFailedOptional Starting
334 silly rollbackFailedOptional Finishing
335 silly runTopLevelLifecycles Starting
336 silly runTopLevelLifecycles Finishing
337 silly install printInstalled
338 verbose stack Error: oracledb@1.13.0 install: `node-gyp rebuild`
338 verbose stack Exit status 1
338 verbose stack     at EventEmitter.<anonymous> (/usr/local/lib/node_modules/npm/lib/utils/lifecycle.js:242:16)
338 verbose stack     at emitTwo (events.js:106:13)
338 verbose stack     at EventEmitter.emit (events.js:191:7)
338 verbose stack     at ChildProcess.<anonymous> (/usr/local/lib/node_modules/npm/lib/utils/spawn.js:40:14)
338 verbose stack     at emitTwo (events.js:106:13)
338 verbose stack     at ChildProcess.emit (events.js:191:7)
338 verbose stack     at maybeClose (internal/child_process.js:877:16)
338 verbose stack     at Process.ChildProcess._handle.onexit (internal/child_process.js:226:5)
339 verbose pkgid oracledb@1.13.0
340 verbose cwd /Users/Ali/Github/cpsc304-project
341 error Darwin 16.4.0
342 error argv "/usr/local/bin/node" "/usr/local/bin/npm" "install" "oracledb" "--save"
343 error node v6.5.0
344 error npm  v3.10.3
345 error code ELIFECYCLE
346 error oracledb@1.13.0 install: `node-gyp rebuild`
346 error Exit status 1
347 error Failed at the oracledb@1.13.0 install script 'node-gyp rebuild'.
347 error Make sure you have the latest version of node.js and npm installed.
347 error If you do, this is most likely a problem with the oracledb package,
347 error not with npm itself.
347 error Tell the author that this fails on your system:
347 error     node-gyp rebuild
347 error You can get information on how to open an issue for this project with:
347 error     npm bugs oracledb
347 error Or if that isn't available, you can get their info via:
347 error     npm owner ls oracledb
347 error There is likely additional logging output above.
348 verbose exit [ 1, true ]
